2020-10-04 00:50:20,877 INFO org.springframework.test.context.support.AbstractTestContextBootstrapper [main] Neither @ContextConfiguration nor @ContextHierarchy found for test class [com.ashokit.ApplicationTests], using SpringBootContextLoader
2020-10-04 00:50:20,896 INFO org.springframework.test.context.support.AbstractContextLoader [main] Could not detect default resource locations for test class [com.ashokit.ApplicationTests]: no resource found for suffixes {-context.xml, Context.groovy}.
2020-10-04 00:50:20,898 INFO org.springframework.test.context.support.AnnotationConfigContextLoaderUtils [main] Could not detect default configuration classes for test class [com.ashokit.ApplicationTests]: ApplicationTests does not declare any static, non-private, non-final, nested classes annotated with @Configuration.
2020-10-04 00:50:21,319 INFO org.springframework.boot.test.context.SpringBootTestContextBootstrapper [main] Found @SpringBootConfiguration com.ashokit.Application for test class com.ashokit.ApplicationTests
2020-10-04 00:50:21,683 INFO org.springframework.test.context.support.AbstractTestContextBootstrapper [main] Loaded default TestExecutionListener class names from location [META-INF/spring.factories]: [org.springframework.boot.test.mock.mockito.MockitoTestExecutionListener, org.springframework.boot.test.mock.mockito.ResetMocksTestExecutionListener, org.springframework.boot.test.autoconfigure.restdocs.RestDocsTestExecutionListener, org.springframework.boot.test.autoconfigure.web.client.MockRestServiceServerResetTestExecutionListener, org.springframework.boot.test.autoconfigure.web.servlet.MockMvcPrintOnlyOnFailureTestExecutionListener, org.springframework.boot.test.autoconfigure.web.servlet.WebDriverTestExecutionListener, org.springframework.boot.test.autoconfigure.webservices.client.MockWebServiceServerTestExecutionListener, org.springframework.test.context.web.ServletTestExecutionListener, org.springframework.test.context.support.DirtiesContextBeforeModesTestExecutionListener, org.springframework.test.context.support.DependencyInjectionTestExecutionListener, org.springframework.test.context.support.DirtiesContextTestExecutionListener, org.springframework.test.context.transaction.TransactionalTestExecutionListener, org.springframework.test.context.jdbc.SqlScriptsTestExecutionListener, org.springframework.test.context.event.EventPublishingTestExecutionListener]
2020-10-04 00:50:21,778 INFO org.springframework.test.context.support.AbstractTestContextBootstrapper [main] Using TestExecutionListeners: [org.springframework.test.context.web.ServletTestExecutionListener@2ad48653, org.springframework.test.context.support.DirtiesContextBeforeModesTestExecutionListener@6bb4dd34, org.springframework.boot.test.mock.mockito.MockitoTestExecutionListener@7d9f158f, org.springframework.boot.test.autoconfigure.SpringBootDependencyInjectionTestExecutionListener@45efd90f, org.springframework.test.context.support.DirtiesContextTestExecutionListener@4b8729ff, org.springframework.test.context.transaction.TransactionalTestExecutionListener@61710c6, org.springframework.test.context.jdbc.SqlScriptsTestExecutionListener@3214ee6, org.springframework.test.context.event.EventPublishingTestExecutionListener@383dc82c, org.springframework.boot.test.mock.mockito.ResetMocksTestExecutionListener@4a07d605, org.springframework.boot.test.autoconfigure.restdocs.RestDocsTestExecutionListener@74287ea3, org.springframework.boot.test.autoconfigure.web.client.MockRestServiceServerResetTestExecutionListener@7d7758be, org.springframework.boot.test.autoconfigure.web.servlet.MockMvcPrintOnlyOnFailureTestExecutionListener@2bdd8394, org.springframework.boot.test.autoconfigure.web.servlet.WebDriverTestExecutionListener@5f9edf14, org.springframework.boot.test.autoconfigure.webservices.client.MockWebServiceServerTestExecutionListener@68746f22]
2020-10-04 00:50:22,843 INFO org.springframework.boot.StartupInfoLogger [main] Starting ApplicationTests on DESKTOP-8V56C7S with PID 8972 (started by priti in D:\ashokit\ProjectClass\01-MiniProject-PhoneBookWebApplication)
2020-10-04 00:50:22,845 INFO org.springframework.boot.SpringApplication [main] No active profile set, falling back to default profiles: default
2020-10-04 00:50:29,949 INFO org.springframework.data.repository.config.RepositoryConfigurationDelegate [main] Bootstrapping Spring Data JPA repositories in DEFERRED mode.
2020-10-04 00:50:34,487 INFO org.springframework.data.repository.config.RepositoryConfigurationDelegate [main] Finished Spring Data repository scanning in 3352ms. Found 1 JPA repository interfaces.
2020-10-04 00:50:40,489 INFO org.springframework.scheduling.concurrent.ExecutorConfigurationSupport [main] Initializing ExecutorService 'applicationTaskExecutor'
2020-10-04 00:50:40,818 INFO org.hibernate.jpa.internal.util.LogHelper [task-1] HHH000204: Processing PersistenceUnitInfo [name: default]
2020-10-04 00:50:41,169 INFO org.hibernate.Version [task-1] HHH000412: Hibernate ORM core version 5.4.20.Final
2020-10-04 00:50:41,729 WARN org.springframework.boot.autoconfigure.orm.jpa.JpaBaseConfiguration$JpaWebConfiguration [main] spring.jpa.open-in-view is enabled by default. Therefore, database queries may be performed during view rendering. Explicitly configure spring.jpa.open-in-view to disable this warning
2020-10-04 00:50:42,025 INFO org.hibernate.annotations.common.reflection.java.JavaReflectionManager [task-1] HCANN000001: Hibernate Commons Annotations {5.1.0.Final}
2020-10-04 00:50:42,963 INFO org.springframework.boot.autoconfigure.web.servlet.WelcomePageHandlerMapping [main] Adding welcome page template: index
2020-10-04 00:50:43,362 INFO com.zaxxer.hikari.HikariDataSource [task-1] HikariPool-1 - Starting...
2020-10-04 00:50:43,377 WARN com.zaxxer.hikari.util.DriverDataSource [task-1] Registered driver with driverClassName=oracle.jdbc.driver.OracleDriver was not found, trying direct instantiation.
2020-10-04 00:50:44,081 INFO org.springframework.data.repository.config.DeferredRepositoryInitializationListener [main] Triggering deferred initialization of Spring Data repositories…
2020-10-04 00:50:45,736 INFO com.zaxxer.hikari.HikariDataSource [task-1] HikariPool-1 - Start completed.
2020-10-04 00:50:46,027 INFO org.hibernate.dialect.Dialect [task-1] HHH000400: Using dialect: org.hibernate.dialect.Oracle10gDialect
2020-10-04 00:50:48,697 INFO org.hibernate.engine.transaction.jta.platform.internal.JtaPlatformInitiator [task-1] HHH000490: Using JtaPlatform implementation: [org.hibernate.engine.transaction.jta.platform.internal.NoJtaPlatform]
2020-10-04 00:50:48,724 INFO org.springframework.orm.jpa.AbstractEntityManagerFactoryBean [task-1] Initialized JPA EntityManagerFactory for persistence unit 'default'
2020-10-04 00:50:49,357 INFO org.springframework.data.repository.config.DeferredRepositoryInitializationListener [main] Spring Data repositories initialized!
2020-10-04 00:50:49,373 INFO org.springframework.boot.StartupInfoLogger [main] Started ApplicationTests in 27.442 seconds (JVM running for 30.452)
2020-10-04 00:50:49,840 INFO org.springframework.orm.jpa.AbstractEntityManagerFactoryBean [SpringContextShutdownHook] Closing JPA EntityManagerFactory for persistence unit 'default'
2020-10-04 00:50:49,844 INFO org.springframework.scheduling.concurrent.ExecutorConfigurationSupport [SpringContextShutdownHook] Shutting down ExecutorService 'applicationTaskExecutor'
2020-10-04 00:50:49,846 INFO com.zaxxer.hikari.HikariDataSource [SpringContextShutdownHook] HikariPool-1 - Shutdown initiated...
2020-10-04 00:50:50,131 INFO com.zaxxer.hikari.HikariDataSource [SpringContextShutdownHook] HikariPool-1 - Shutdown completed.
2020-10-04 00:52:36,298 INFO org.springframework.test.context.support.AbstractTestContextBootstrapper [main] Neither @ContextConfiguration nor @ContextHierarchy found for test class [com.ashokit.ApplicationTests], using SpringBootContextLoader
2020-10-04 00:52:36,309 INFO org.springframework.test.context.support.AbstractContextLoader [main] Could not detect default resource locations for test class [com.ashokit.ApplicationTests]: no resource found for suffixes {-context.xml, Context.groovy}.
2020-10-04 00:52:36,311 INFO org.springframework.test.context.support.AnnotationConfigContextLoaderUtils [main] Could not detect default configuration classes for test class [com.ashokit.ApplicationTests]: ApplicationTests does not declare any static, non-private, non-final, nested classes annotated with @Configuration.
2020-10-04 00:52:36,585 INFO org.springframework.boot.test.context.SpringBootTestContextBootstrapper [main] Found @SpringBootConfiguration com.ashokit.Application for test class com.ashokit.ApplicationTests
2020-10-04 00:52:36,836 INFO org.springframework.test.context.support.AbstractTestContextBootstrapper [main] Loaded default TestExecutionListener class names from location [META-INF/spring.factories]: [org.springframework.boot.test.mock.mockito.MockitoTestExecutionListener, org.springframework.boot.test.mock.mockito.ResetMocksTestExecutionListener, org.springframework.boot.test.autoconfigure.restdocs.RestDocsTestExecutionListener, org.springframework.boot.test.autoconfigure.web.client.MockRestServiceServerResetTestExecutionListener, org.springframework.boot.test.autoconfigure.web.servlet.MockMvcPrintOnlyOnFailureTestExecutionListener, org.springframework.boot.test.autoconfigure.web.servlet.WebDriverTestExecutionListener, org.springframework.boot.test.autoconfigure.webservices.client.MockWebServiceServerTestExecutionListener, org.springframework.test.context.web.ServletTestExecutionListener, org.springframework.test.context.support.DirtiesContextBeforeModesTestExecutionListener, org.springframework.test.context.support.DependencyInjectionTestExecutionListener, org.springframework.test.context.support.DirtiesContextTestExecutionListener, org.springframework.test.context.transaction.TransactionalTestExecutionListener, org.springframework.test.context.jdbc.SqlScriptsTestExecutionListener, org.springframework.test.context.event.EventPublishingTestExecutionListener]
2020-10-04 00:52:36,881 INFO org.springframework.test.context.support.AbstractTestContextBootstrapper [main] Using TestExecutionListeners: [org.springframework.test.context.web.ServletTestExecutionListener@32115b28, org.springframework.test.context.support.DirtiesContextBeforeModesTestExecutionListener@2ad48653, org.springframework.boot.test.mock.mockito.MockitoTestExecutionListener@6bb4dd34, org.springframework.boot.test.autoconfigure.SpringBootDependencyInjectionTestExecutionListener@7d9f158f, org.springframework.test.context.support.DirtiesContextTestExecutionListener@45efd90f, org.springframework.test.context.transaction.TransactionalTestExecutionListener@4b8729ff, org.springframework.test.context.jdbc.SqlScriptsTestExecutionListener@61710c6, org.springframework.test.context.event.EventPublishingTestExecutionListener@3214ee6, org.springframework.boot.test.mock.mockito.ResetMocksTestExecutionListener@383dc82c, org.springframework.boot.test.autoconfigure.restdocs.RestDocsTestExecutionListener@4a07d605, org.springframework.boot.test.autoconfigure.web.client.MockRestServiceServerResetTestExecutionListener@74287ea3, org.springframework.boot.test.autoconfigure.web.servlet.MockMvcPrintOnlyOnFailureTestExecutionListener@7d7758be, org.springframework.boot.test.autoconfigure.web.servlet.WebDriverTestExecutionListener@2bdd8394, org.springframework.boot.test.autoconfigure.webservices.client.MockWebServiceServerTestExecutionListener@5f9edf14]
2020-10-04 00:52:37,578 INFO org.springframework.boot.StartupInfoLogger [main] Starting ApplicationTests on DESKTOP-8V56C7S with PID 9616 (started by priti in D:\ashokit\ProjectClass\01-MiniProject-PhoneBookWebApplication)
2020-10-04 00:52:37,580 INFO org.springframework.boot.SpringApplication [main] No active profile set, falling back to default profiles: default
2020-10-04 00:52:38,862 INFO org.springframework.data.repository.config.RepositoryConfigurationDelegate [main] Bootstrapping Spring Data JPA repositories in DEFERRED mode.
2020-10-04 00:52:39,044 INFO org.springframework.data.repository.config.RepositoryConfigurationDelegate [main] Finished Spring Data repository scanning in 161ms. Found 1 JPA repository interfaces.
2020-10-04 00:52:40,312 INFO org.springframework.scheduling.concurrent.ExecutorConfigurationSupport [main] Initializing ExecutorService 'applicationTaskExecutor'
2020-10-04 00:52:40,495 INFO org.hibernate.jpa.internal.util.LogHelper [task-1] HHH000204: Processing PersistenceUnitInfo [name: default]
2020-10-04 00:52:40,850 INFO org.hibernate.Version [task-1] HHH000412: Hibernate ORM core version 5.4.20.Final
2020-10-04 00:52:41,155 WARN org.springframework.boot.autoconfigure.orm.jpa.JpaBaseConfiguration$JpaWebConfiguration [main] spring.jpa.open-in-view is enabled by default. Therefore, database queries may be performed during view rendering. Explicitly configure spring.jpa.open-in-view to disable this warning
2020-10-04 00:52:41,316 INFO org.hibernate.annotations.common.reflection.java.JavaReflectionManager [task-1] HCANN000001: Hibernate Commons Annotations {5.1.0.Final}
2020-10-04 00:52:41,992 INFO org.springframework.boot.autoconfigure.web.servlet.WelcomePageHandlerMapping [main] Adding welcome page template: index
2020-10-04 00:52:42,118 INFO com.zaxxer.hikari.HikariDataSource [task-1] HikariPool-1 - Starting...
2020-10-04 00:52:42,130 WARN com.zaxxer.hikari.util.DriverDataSource [task-1] Registered driver with driverClassName=oracle.jdbc.driver.OracleDriver was not found, trying direct instantiation.
2020-10-04 00:52:42,842 INFO org.springframework.data.repository.config.DeferredRepositoryInitializationListener [main] Triggering deferred initialization of Spring Data repositories…
2020-10-04 00:52:43,859 INFO com.zaxxer.hikari.HikariDataSource [task-1] HikariPool-1 - Start completed.
2020-10-04 00:52:43,957 INFO org.hibernate.dialect.Dialect [task-1] HHH000400: Using dialect: org.hibernate.dialect.Oracle10gDialect
2020-10-04 00:52:46,421 INFO org.hibernate.engine.transaction.jta.platform.internal.JtaPlatformInitiator [task-1] HHH000490: Using JtaPlatform implementation: [org.hibernate.engine.transaction.jta.platform.internal.NoJtaPlatform]
2020-10-04 00:52:46,433 INFO org.springframework.orm.jpa.AbstractEntityManagerFactoryBean [task-1] Initialized JPA EntityManagerFactory for persistence unit 'default'
2020-10-04 00:52:46,799 INFO org.springframework.data.repository.config.DeferredRepositoryInitializationListener [main] Spring Data repositories initialized!
2020-10-04 00:52:46,815 INFO org.springframework.boot.StartupInfoLogger [main] Started ApplicationTests in 9.849 seconds (JVM running for 12.124)
2020-10-04 00:52:47,165 INFO org.springframework.orm.jpa.AbstractEntityManagerFactoryBean [SpringContextShutdownHook] Closing JPA EntityManagerFactory for persistence unit 'default'
2020-10-04 00:52:47,170 INFO org.springframework.scheduling.concurrent.ExecutorConfigurationSupport [SpringContextShutdownHook] Shutting down ExecutorService 'applicationTaskExecutor'
2020-10-04 00:52:47,172 INFO com.zaxxer.hikari.HikariDataSource [SpringContextShutdownHook] HikariPool-1 - Shutdown initiated...
2020-10-04 00:52:47,403 INFO com.zaxxer.hikari.HikariDataSource [SpringContextShutdownHook] HikariPool-1 - Shutdown completed.
2020-10-04 00:59:40,090 INFO org.springframework.test.context.support.AbstractTestContextBootstrapper [main] Neither @ContextConfiguration nor @ContextHierarchy found for test class [com.ashokit.ApplicationTests], using SpringBootContextLoader
2020-10-04 00:59:40,114 INFO org.springframework.test.context.support.AbstractContextLoader [main] Could not detect default resource locations for test class [com.ashokit.ApplicationTests]: no resource found for suffixes {-context.xml, Context.groovy}.
2020-10-04 00:59:40,117 INFO org.springframework.test.context.support.AnnotationConfigContextLoaderUtils [main] Could not detect default configuration classes for test class [com.ashokit.ApplicationTests]: ApplicationTests does not declare any static, non-private, non-final, nested classes annotated with @Configuration.
2020-10-04 00:59:40,348 INFO org.springframework.boot.test.context.SpringBootTestContextBootstrapper [main] Found @SpringBootConfiguration com.ashokit.Application for test class com.ashokit.ApplicationTests
2020-10-04 00:59:40,546 INFO org.springframework.test.context.support.AbstractTestContextBootstrapper [main] Loaded default TestExecutionListener class names from location [META-INF/spring.factories]: [org.springframework.boot.test.mock.mockito.MockitoTestExecutionListener, org.springframework.boot.test.mock.mockito.ResetMocksTestExecutionListener, org.springframework.boot.test.autoconfigure.restdocs.RestDocsTestExecutionListener, org.springframework.boot.test.autoconfigure.web.client.MockRestServiceServerResetTestExecutionListener, org.springframework.boot.test.autoconfigure.web.servlet.MockMvcPrintOnlyOnFailureTestExecutionListener, org.springframework.boot.test.autoconfigure.web.servlet.WebDriverTestExecutionListener, org.springframework.boot.test.autoconfigure.webservices.client.MockWebServiceServerTestExecutionListener, org.springframework.test.context.web.ServletTestExecutionListener, org.springframework.test.context.support.DirtiesContextBeforeModesTestExecutionListener, org.springframework.test.context.support.DependencyInjectionTestExecutionListener, org.springframework.test.context.support.DirtiesContextTestExecutionListener, org.springframework.test.context.transaction.TransactionalTestExecutionListener, org.springframework.test.context.jdbc.SqlScriptsTestExecutionListener, org.springframework.test.context.event.EventPublishingTestExecutionListener]
2020-10-04 00:59:40,579 INFO org.springframework.test.context.support.AbstractTestContextBootstrapper [main] Using TestExecutionListeners: [org.springframework.test.context.web.ServletTestExecutionListener@2ad48653, org.springframework.test.context.support.DirtiesContextBeforeModesTestExecutionListener@6bb4dd34, org.springframework.boot.test.mock.mockito.MockitoTestExecutionListener@7d9f158f, org.springframework.boot.test.autoconfigure.SpringBootDependencyInjectionTestExecutionListener@45efd90f, org.springframework.test.context.support.DirtiesContextTestExecutionListener@4b8729ff, org.springframework.test.context.transaction.TransactionalTestExecutionListener@61710c6, org.springframework.test.context.jdbc.SqlScriptsTestExecutionListener@3214ee6, org.springframework.test.context.event.EventPublishingTestExecutionListener@383dc82c, org.springframework.boot.test.mock.mockito.ResetMocksTestExecutionListener@4a07d605, org.springframework.boot.test.autoconfigure.restdocs.RestDocsTestExecutionListener@74287ea3, org.springframework.boot.test.autoconfigure.web.client.MockRestServiceServerResetTestExecutionListener@7d7758be, org.springframework.boot.test.autoconfigure.web.servlet.MockMvcPrintOnlyOnFailureTestExecutionListener@2bdd8394, org.springframework.boot.test.autoconfigure.web.servlet.WebDriverTestExecutionListener@5f9edf14, org.springframework.boot.test.autoconfigure.webservices.client.MockWebServiceServerTestExecutionListener@68746f22]
2020-10-04 00:59:41,145 INFO org.springframework.boot.StartupInfoLogger [main] Starting ApplicationTests on DESKTOP-8V56C7S with PID 8344 (started by priti in D:\ashokit\ProjectClass\01-MiniProject-PhoneBookWebApplication)
2020-10-04 00:59:41,147 INFO org.springframework.boot.SpringApplication [main] No active profile set, falling back to default profiles: default
2020-10-04 00:59:42,656 INFO org.springframework.data.repository.config.RepositoryConfigurationDelegate [main] Bootstrapping Spring Data JPA repositories in DEFERRED mode.
2020-10-04 00:59:42,861 INFO org.springframework.data.repository.config.RepositoryConfigurationDelegate [main] Finished Spring Data repository scanning in 161ms. Found 1 JPA repository interfaces.
2020-10-04 00:59:44,195 INFO org.springframework.scheduling.concurrent.ExecutorConfigurationSupport [main] Initializing ExecutorService 'applicationTaskExecutor'
2020-10-04 00:59:44,455 INFO org.hibernate.jpa.internal.util.LogHelper [task-1] HHH000204: Processing PersistenceUnitInfo [name: default]
2020-10-04 00:59:44,799 INFO org.hibernate.Version [task-1] HHH000412: Hibernate ORM core version 5.4.20.Final
2020-10-04 00:59:45,109 WARN org.springframework.boot.autoconfigure.orm.jpa.JpaBaseConfiguration$JpaWebConfiguration [main] spring.jpa.open-in-view is enabled by default. Therefore, database queries may be performed during view rendering. Explicitly configure spring.jpa.open-in-view to disable this warning
2020-10-04 00:59:45,259 INFO org.hibernate.annotations.common.reflection.java.JavaReflectionManager [task-1] HCANN000001: Hibernate Commons Annotations {5.1.0.Final}
2020-10-04 00:59:45,932 INFO org.springframework.boot.autoconfigure.web.servlet.WelcomePageHandlerMapping [main] Adding welcome page template: index
2020-10-04 00:59:46,058 INFO com.zaxxer.hikari.HikariDataSource [task-1] HikariPool-1 - Starting...
2020-10-04 00:59:46,071 WARN com.zaxxer.hikari.util.DriverDataSource [task-1] Registered driver with driverClassName=oracle.jdbc.driver.OracleDriver was not found, trying direct instantiation.
2020-10-04 00:59:46,750 INFO org.springframework.data.repository.config.DeferredRepositoryInitializationListener [main] Triggering deferred initialization of Spring Data repositories…
2020-10-04 00:59:47,902 INFO com.zaxxer.hikari.HikariDataSource [task-1] HikariPool-1 - Start completed.
2020-10-04 00:59:48,030 INFO org.hibernate.dialect.Dialect [task-1] HHH000400: Using dialect: org.hibernate.dialect.Oracle10gDialect
2020-10-04 00:59:50,414 INFO org.hibernate.engine.transaction.jta.platform.internal.JtaPlatformInitiator [task-1] HHH000490: Using JtaPlatform implementation: [org.hibernate.engine.transaction.jta.platform.internal.NoJtaPlatform]
2020-10-04 00:59:50,427 INFO org.springframework.orm.jpa.AbstractEntityManagerFactoryBean [task-1] Initialized JPA EntityManagerFactory for persistence unit 'default'
2020-10-04 00:59:50,793 INFO org.springframework.data.repository.config.DeferredRepositoryInitializationListener [main] Spring Data repositories initialized!
2020-10-04 00:59:50,810 INFO org.springframework.boot.StartupInfoLogger [main] Started ApplicationTests in 10.165 seconds (JVM running for 12.498)
2020-10-04 00:59:51,253 INFO org.springframework.orm.jpa.AbstractEntityManagerFactoryBean [SpringContextShutdownHook] Closing JPA EntityManagerFactory for persistence unit 'default'
2020-10-04 00:59:51,260 INFO org.springframework.scheduling.concurrent.ExecutorConfigurationSupport [SpringContextShutdownHook] Shutting down ExecutorService 'applicationTaskExecutor'
2020-10-04 00:59:51,261 INFO com.zaxxer.hikari.HikariDataSource [SpringContextShutdownHook] HikariPool-1 - Shutdown initiated...
2020-10-04 00:59:51,343 INFO com.zaxxer.hikari.HikariDataSource [SpringContextShutdownHook] HikariPool-1 - Shutdown completed.
